mode: set
/Users/g0n001p/Documents/Coding/leetcode-google/HappyNumber/202-happy-number.go:22.24,29.11 3 1
/Users/g0n001p/Documents/Coding/leetcode-google/HappyNumber/202-happy-number.go:34.2,34.12 1 1
/Users/g0n001p/Documents/Coding/leetcode-google/HappyNumber/202-happy-number.go:29.11,33.3 3 1
/Users/g0n001p/Documents/Coding/leetcode-google/HappyNumber/202-happy-number.go:38.37,43.47 3 1
/Users/g0n001p/Documents/Coding/leetcode-google/HappyNumber/202-happy-number.go:50.2,50.24 1 1
/Users/g0n001p/Documents/Coding/leetcode-google/HappyNumber/202-happy-number.go:43.47,48.3 2 1
/Users/g0n001p/Documents/Coding/leetcode-google/HappyNumber/202-happy-number.go:65.12,71.2 1 0
